make all --print-data-base --no-builtin-variables --no-builtin-rules --question
make Little-Turn-Game
 
# make[1]: Entering directory '/home/alex/Dropbox/dev/silver-palm-tree'
 
# GNU Make 4.2.1
# Built for x86_64-pc-linux-gnu
# Copyright (C) 1988-2016 Free Software Foundation, Inc.
# License GPLv3+: GNU GPL version 3 or later <http://gnu.org/licenses/gpl.html>
# This is free software: you are free to change and redistribute it.
# There is NO WARRANTY, to the extent permitted by law.

# Make data base, printed on Sat Jul  3 17:18:29 2021

# Variables

# 'override' directive
GNUMAKEFLAGS := 
# automatic
<D = $(patsubst %/,%,$(dir $<))
# automatic
?F = $(notdir $?)
# makefile (from 'Makefile', line 281)
INCLUDE_PATHS = -I$(RAYLIB_H_INSTALL_PATH) -I. -I$(RAYLIB_PATH)/src -I$(RAYLIB_PATH)/src/external
# environment
PAPERSIZE = letter
# environment
DESKTOP_SESSION = pop
# default
.SHELLFLAGS := -c
# environment
XDG_SESSION_CLASS = user
# environment
XDG_SESSION_TYPE = x11
# environment
VSCODE_LOG_NATIVE = false
# makefile (from 'Makefile', line 65)
USE_WAYLAND_DISPLAY = FALSE
# makefile (from 'Makefile', line 31)
OUTPUT_PATH = build/.
# automatic
?D = $(patsubst %/,%,$(dir $?))
# makefile (from 'Makefile', line 28)
RAYLIB_VERSION = 3.8.0
# automatic
@D = $(patsubst %/,%,$(dir $@))
# environment
XAUTHORITY = /run/user/1000/gdm/Xauthority
# environment
GDMSESSION = pop
# environment
XMODIFIERS = @im=ibus
# makefile
CURDIR := /home/alex/Dropbox/dev/silver-palm-tree
# makefile
SHELL = /bin/sh
# environment
VSCODE_NLS_CONFIG = {"locale":"en-us","availableLanguages":{},"_languagePackSupport":true}
# environment
_ = /usr/share/code/code
# makefile (from 'Makefile', line 224)
CFLAGS = -Wall -std=c++11 -D_DEFAULT_SOURCE -Wno-missing-braces -O0 -s -O1 -D_DEFAULT_SOURCE
# environment
JOURNAL_STREAM = 8:49961
# environment
XDG_CONFIG_DIRS = /etc/xdg/xdg-pop:/etc/xdg
# makefile (from 'Makefile', line 1)
MAKEFILE_LIST :=  Makefile
# automatic
@F = $(notdir $@)
# environment
IM_CONFIG_PHASE = 1
# environment
USERNAME = alex
# environment
MAKELEVEL := 1
# environment
XDG_DATA_DIRS = /usr/share/pop:/home/alex/.local/share/flatpak/exports/share:/var/lib/flatpak/exports/share:/usr/local/share:/usr/share
# environment
DBUS_SESSION_BUS_ADDRESS = unix:path=/run/user/1000/bus
# environment
VSCODE_VERBOSE_LOGGING = true
# makefile (from 'Makefile', line 57)
BUILD_MODE = RELEASE
# makefile (from 'Makefile', line 377)
PROJECT_SOURCE_FILES = $(wildcard src/*.cpp src/audio/*.cpp src/input/*.cpp src/graphics/*.cpp src/scenes/*.cpp)
# makefile (from 'Makefile', line 380)
OBJS = $(patsubst %.c, %.o, $(PROJECT_SOURCE_FILES))
# environment
MANAGERPID = 1582
# environment
LESSOPEN = | /usr/bin/lesspipe %s
# environment
LC_NAME = en_US.UTF-8
# environment
VSCODE_CWD = /home/alex
# makefile (from 'Makefile', line 32)
OUTPUT_TEMP_PATH = ../temp
# default
MAKE_HOST := x86_64-pc-linux-gnu
# environment
PATH = /usr/local/sbin:/usr/local/bin:/usr/sbin:/usr/bin:/sbin:/bin:/usr/games:/usr/local/games:/snap/bin
# makefile (from 'Makefile', line 74)
UNAMEOS = $(shell uname)
# environment
GPG_AGENT_INFO = /run/user/1000/gnupg/S.gpg-agent:0:1
# environment
GJS_DEBUG_OUTPUT = stderr
# environment
 
SESSION_MANAGER = local/pop-os:@/tmp/.ICE-unix/2354,unix/pop-os:/tmp/.ICE-unix/2354
# makefile (from 'Makefile', line 114)
RAYLIB_PATH = $(realpath $(RAYLIB_PREFIX))
# environment
XDG_RUNTIME_DIR = /run/user/1000
# environment
XDG_MENU_PREFIX = gnome-
# environment
VSCODE_LOG_STACK = false
# environment
VSCODE_CRASH_REPORTER_START_OPTIONS = {"companyName":"Microsoft","productName":"VSCode","submitURL":"appcenter://code?aid=fba07a4d-84bd-4fc8-a125-9640fc8ce171&uid=1da83201-7911-475f-a98c-4e0945a8c764&iid=1da83201-7911-475f-a98c-4e0945a8c764&sid=1da83201-7911-475f-a98c-4e0945a8c764","uploadToServer":true}
# environment
INVOCATION_ID = 4af98c6d25cf4c8b8aafb29ddde9dd65
# makefile (from 'Makefile', line 304)
LDFLAGS = -L. -L$(RAYLIB_INSTALL_PATH) -L$(RAYLIB_RELEASE_PATH) -L$(RAYLIB_PATH)
# makefile (from 'Makefile', line 328)
LDLIBS = -lraylib -lGL -lm -lpthread -ldl -lrt -lX11
# default
.FEATURES := target-specific order-only second-expansion else-if shortest-stem undefine oneshell archives jobserver output-sync check-symlink load
# makefile (from 'Makefile', line 61)
USE_EXTERNAL_GLFW = FALSE
# environment
LS_COLORS = 
# environment
XDG_SESSION_DESKTOP = pop
# environment
SSH_AUTH_SOCK = /run/user/1000/keyring/ssh
# environment
GIO_LAUNCHED_DESKTOP_FILE_PID = 43993
# automatic
%F = $(notdir $%)
# environment
DISPLAY = :1
# environment
VSCODE_PIPE_LOGGING = true
# makefile (from 'Makefile', line 76)
PLATFORM_OS = LINUX
# environment
PWD = /home/alex/Dropbox/dev/silver-palm-tree
# default
.LOADED := 
# environment
SSH_AGENT_PID = 2104
# environment
ORIGINAL_XDG_CURRENT_DESKTOP = pop:GNOME
# environment
GTK_MODULES = gail:atk-bridge:appmenu-gtk-module
# environment
VSCODE_AMD_ENTRYPOINT = vs/workbench/services/extensions/node/extensionHostProcess
# environment
HOME = /home/alex
# environment
LESSCLOSE = /usr/bin/lesspipe %s %s
# makefile (from 'Makefile', line 113)
RAYLIB_PREFIX = ..
# environment
LOGNAME = alex
# environment
APPLICATION_INSIGHTS_NO_DIAGNOSTIC_CHANNEL = true
# automatic
+F = $(notdir $+)
# makefile (from 'Makefile', line 388)
MAKEFILE_PARAMS = $(PROJECT_NAME)
# environment
VSCODE_HANDLES_UNCAUGHT_ERRORS = true
# environment
GNOME_DESKTOP_SESSION_ID = this-is-deprecated
# automatic
^D = $(patsubst %/,%,$(dir $^))
# environment
LC_TIME = en_US.UTF-8
# makefile (from 'Makefile', line 184)
MAKE = make
# default
MAKECMDGOALS := Little-Turn-Game
# environment
QT_IM_MODULE = ibus
# environment
SHLVL = 0
# makefile (from 'Makefile', line 157)
CC = g++
# environment
GNOME_SHELL_SESSION_MODE = pop
# makefile (from 'Makefile', line 51)
RAYLIB_H_INSTALL_PATH = $(DESTDIR)/include
# environment
VSCODE_IPC_HOOK_EXTHOST = /run/user/1000/vscode-ipc-855af021-7a97-464c-a34e-95b70e763f06.sock
# default
MAKE_VERSION := 4.2.1
# environment
USER = alex
# environment
LC_MONETARY = en_US.UTF-8
# makefile
.DEFAULT_GOAL := all
# environment
XDG_CURRENT_DESKTOP = Unity
# makefile (from 'Makefile', line 48)
DESTDIR = /usr/local
# automatic
%D = $(patsubst %/,%,$(dir $%))
# environment
LC_TELEPHONE = en_US.UTF-8
# default
MAKE_COMMAND := make
# environment
VSCODE_NODE_CACHED_DATA_DIR = /home/alex/.config/Code/CachedData/507ce72a4466fbb27b715c3722558bb15afa9f48
# default
.VARIABLES := 
# automatic
*F = $(notdir $*)
# environment
LANGUAGE = en_US:en
# environment
VSCODE_IPC_HOOK = /run/user/1000/vscode-d32d3ff9-1.57.1-main.sock
# makefile
MAKEFLAGS = pqrRw
# environment
MFLAGS = -pqrRw
# automatic
*D = $(patsubst %/,%,$(dir $*))
# environment
BREAKPAD_DUMP_LOCATION = /home/alex/.config/Code/exthost Crash Reports
# automatic
+D = $(patsubst %/,%,$(dir $+))
# environment
GDK_BACKEND = x11
# environment
LC_PAPER = en_US.UTF-8
# makefile (from 'Makefile', line 153)
EXAMPLE_RUNTIME_PATH = $(RAYLIB_RELEASE_PATH)
# environment
QT_ACCESSIBILITY = 1
# makefile (from 'Makefile', line 37)
PLATFORM = PLATFORM_DESKTOP
# 'override' directive
.SHELLSTATUS := 0
# default
MAKEFILES := 
# environment
LC_NUMERIC = en_US.UTF-8
# automatic
<F = $(notdir $<)
# makefile (from 'Makefile', line 139)
RAYLIB_RELEASE_PATH = $(RAYLIB_PATH)/src
# environment
ELECTRON_RUN_AS_NODE = 1
# makefile (from 'Makefile', line 27)
PROJECT_NAME = Little-Turn-Game
# environment
LC_MEASUREMENT = en_US.UTF-8
# makefile (from 'Makefile', line 49)
RAYLIB_INSTALL_PATH = $(DESTDIR)/lib
# environment
LC_ALL = C
# environment
GJS_DEBUG_TOPICS = JS ERROR;JS LOG
# automatic
^F = $(notdir $^)
# default
SUFFIXES := 
# environment
CHROME_DESKTOP = code-url-handler.desktop
# makefile (from 'Makefile', line 54)
RAYLIB_LIBTYPE = STATIC
# environment
WINDOWPATH = 2
# default
.INCLUDE_DIRS = /usr/include /usr/local/include /usr/include
# environment
LC_IDENTIFICATION = en_US.UTF-8
# default
.RECIPEPREFIX := 
# environment
LC_ADDRESS = en_US.UTF-8
# environment
GIO_LAUNCHED_DESKTOP_FILE = /usr/share/applications/code.desktop
# environment
LANG = C
# environment
VSCODE_PID = 43993
# variable set hash-table stats:
# Load=137/1024=13%, Rehash=0, Collisions=41/306=13%

# Pattern-specific Variable Values

# No pattern-specific variable values.

# Directories

# src/scenes (device 2049, inode 13901844): 8 files, no impossibilities.
# . (device 2049, inode 12846742): 14 files, no impossibilities.
# src/input (device 2049, inode 13901815): 4 files, no impossibilities.
# src/graphics (device 2049, inode 13901842): 3 files, no impossibilities.
# src/audio (device 2049, inode 13901824): 4 files, no impossibilities.
# src (device 2049, inode 12846834): 9 files, no impossibilities.

# 42 files, no impossibilities in 6 directories.

# Implicit Rules

%.o: %.c
#  recipe to execute (from 'Makefile', line 403):
	$(CC) -c $< -o $@ $(CFLAGS) $(INCLUDE_PATHS) -D$(PLATFORM)

# 1 implicit rules, 0 (0.0%) terminal.

# Files

# Not a target:
src/scenes/MainMenu.cpp:
#  Implicit rule search has been done.
#  Last modified 2021-07-03 13:03:29.092889202
#  File has been updated.
#  Successfully updated.

all:
#  Phony target (prerequisite of .PHONY).
#  Implicit rule search has not been done.
#  File does not exist.
#  File has not been updated.
#  recipe to execute (from 'Makefile', line 394):
	$(MAKE) $(MAKEFILE_PARAMS)

.PHONY: all clean
#  Implicit rule search has not been done.
#  Modification time never checked.
#  File has not been updated.

# Not a target:
src/scenes/Scene.cpp:
#  Implicit rule search has been done.
#  Last modified 2021-07-03 13:03:29.092889202
#  File has been updated.
#  Successfully updated.

# Not a target:
src/scenes/SceneManager.cpp:
#  Implicit rule search has been done.
#  Last modified 2021-07-03 14:25:16.767497113
#  File has been updated.
#  Successfully updated.

# Not a target:
.SUFFIXES:
#  Implicit rule search has not been done.
#  Modification time never checked.
#  File has not been updated.

# Not a target:
Makefile:
#  Implicit rule search has been done.
#  Last modified 2021-07-03 17:18:01.203242717
#  File has been updated.
#  Successfully updated.

# Not a target:
.DEFAULT:
#  Implicit rule search has not been done.
#  Modification time never checked.
#  File has not been updated.

# Not a target:
src/audio/SoundManager.cpp:
#  Implicit rule search has been done.
#  Last modified 2021-07-03 17:14:11.764153799
#  File has been updated.
#  Successfully updated.

run:
#  Implicit rule search has not been done.
#  Modification time never checked.
#  File has not been updated.
#  recipe to execute (from 'Makefile', line 434):
	make
	./$(TARGET)

clean:
#  Phony target (prerequisite of .PHONY).
#  Implicit rule search has not been done.
#  File does not exist.
#  File has not been updated.
#  recipe to execute (from 'Makefile', line 412):
		find . -type f -executable -delete
		rm -fv *.o
	@echo Cleaning done

# Not a target:
src/main.cpp:
#  Implicit rule search has been done.
#  Last modified 2021-07-03 12:59:46.705807035
#  File has been updated.
#  Successfully updated.

# Not a target:
src/Application.cpp:
#  Implicit rule search has been done.
#  Last modified 2021-07-03 17:02:27.386955569
#  File has been updated.
#  Successfully updated.

Little-Turn-Game: src/main.cpp src/Application.cpp src/audio/SoundManager.cpp src/input/InputManager.cpp src/scenes/Scene.cpp src/scenes/SceneManager.cpp src/scenes/MainMenu.cpp
#  Command line target.
#  Implicit rule search has not been done.
#  Implicit/static pattern stem: ''
#  File does not exist.
#  File has been updated.
#  Needs to be updated (-q is set).
# automatic
# @ := Little-Turn-Game
# automatic
# % := 
# automatic
# * := 
# automatic
# + := src/main.cpp src/Application.cpp src/audio/SoundManager.cpp src/input/InputManager.cpp src/scenes/Scene.cpp src/scenes/SceneManager.cpp src/scenes/MainMenu.cpp
# automatic
# | := 
# automatic
# < := src/main.cpp
# automatic
# ^ := src/main.cpp src/Application.cpp src/audio/SoundManager.cpp src/input/InputManager.cpp src/scenes/Scene.cpp src/scenes/SceneManager.cpp src/scenes/MainMenu.cpp
# automatic
# ? := src/main.cpp src/Application.cpp src/audio/SoundManager.cpp src/input/InputManager.cpp src/scenes/Scene.cpp src/scenes/SceneManager.cpp src/scenes/MainMenu.cpp
# variable set hash-table stats:
# Load=8/32=25%, Rehash=0, Collisions=23/34=68%
#  recipe to execute (from 'Makefile', line 398):
	$(CC) -o $(PROJECT_NAME)$(EXT) $(OBJS) $(CFLAGS) $(INCLUDE_PATHS) $(LDFLAGS) $(LDLIBS) -D$(PLATFORM)

# Not a target:
src/input/InputManager.cpp:
#  Implicit rule search has been done.
#  Last modified 2021-07-03 15:08:15.942317175
#  File has been updated.
#  Successfully updated.

# files hash-table stats:
# Load=15/1024=1%, Rehash=0, Collisions=0/38=0%
# VPATH Search Paths

# No 'vpath' search paths.

# No general ('VPATH' variable) search path.

# strcache buffers: 1 (0) / strings = 54 / storage = 652 B / avg = 12 B
# current buf: size = 8162 B / used = 652 B / count = 54 / avg = 12 B

# strcache performance: lookups = 78 / hit rate = 30%
# hash-table stats:
# Load=54/8192=1%, Rehash=0, Collisions=6/78=8%
# Finished Make data base on Sat Jul  3 17:18:29 2021

# make[1]: Leaving directory '/home/alex/Dropbox/dev/silver-palm-tree'
 
# GNU Make 4.2.1
# Built for x86_64-pc-linux-gnu
# Copyright (C) 1988-2016 Free Software Foundation, Inc.
# License GPLv3+: GNU GPL version 3 or later <http://gnu.org/licenses/gpl.html>
# This is free software: you are free to change and redistribute it.
# There is NO WARRANTY, to the extent permitted by law.
 

# Make data base, printed on Sat Jul  3 17:18:29 2021

# Variables

# 'override' directive
GNUMAKEFLAGS := 
# automatic
<D = $(patsubst %/,%,$(dir $<))
# automatic
?F = $(notdir $?)
# makefile (from 'Makefile', line 281)
INCLUDE_PATHS = -I$(RAYLIB_H_INSTALL_PATH) -I. -I$(RAYLIB_PATH)/src -I$(RAYLIB_PATH)/src/external
# environment
PAPERSIZE = letter
# environment
DESKTOP_SESSION = pop
# default
.SHELLFLAGS := -c
# environment
XDG_SESSION_CLASS = user
# environment
XDG_SESSION_TYPE = x11
# environment
VSCODE_LOG_NATIVE = false
# makefile (from 'Makefile', line 65)
USE_WAYLAND_DISPLAY = FALSE
# makefile (from 'Makefile', line 31)
OUTPUT_PATH = build/.
# automatic
?D = $(patsubst %/,%,$(dir $?))
# environment
IM_CONFIG_PHASE = 1
# makefile (from 'Makefile', line 28)
RAYLIB_VERSION = 3.8.0
# automatic
@D = $(patsubst %/,%,$(dir $@))
# environment
XAUTHORITY = /run/user/1000/gdm/Xauthority
# environment
GDMSESSION = pop
# environment
XMODIFIERS = @im=ibus
# makefile
CURDIR := /home/alex/Dropbox/dev/silver-palm-tree
# makefile
SHELL = /bin/sh
# environment
VSCODE_NLS_CONFIG = {"locale":"en-us","availableLanguages":{},"_languagePackSupport":true}
# environment
_ = /usr/share/code/code
# makefile (from 'Makefile', line 224)
CFLAGS = -Wall -std=c++11 -D_DEFAULT_SOURCE -Wno-missing-braces -O0 -s -O1 -D_DEFAULT_SOURCE
# environment
JOURNAL_STREAM = 8:49961
# environment
XDG_CONFIG_DIRS = /etc/xdg/xdg-pop:/etc/xdg
# makefile (from 'Makefile', line 1)
MAKEFILE_LIST :=  Makefile
# automatic
@F = $(notdir $@)
# environment
GIO_LAUNCHED_DESKTOP_FILE = /usr/share/applications/code.desktop
# environment
USERNAME = alex
# environment
MAKELEVEL := 0
# environment
XDG_DATA_DIRS = /usr/share/pop:/home/alex/.local/share/flatpak/exports/share:/var/lib/flatpak/exports/share:/usr/local/share:/usr/share
# environment
DBUS_SESSION_BUS_ADDRESS = unix:path=/run/user/1000/bus
# environment
VSCODE_VERBOSE_LOGGING = true
# makefile (from 'Makefile', line 57)
BUILD_MODE = RELEASE
# makefile (from 'Makefile', line 377)
PROJECT_SOURCE_FILES = $(wildcard src/*.cpp src/audio/*.cpp src/input/*.cpp src/graphics/*.cpp src/scenes/*.cpp)
# makefile (from 'Makefile', line 380)
 
OBJS = $(patsubst %.c, %.o, $(PROJECT_SOURCE_FILES))
# environment
MANAGERPID = 1582
# environment
LESSOPEN = | /usr/bin/lesspipe %s
# environment
LC_NAME = en_US.UTF-8
# environment
VSCODE_CWD = /home/alex
# makefile (from 'Makefile', line 32)
OUTPUT_TEMP_PATH = ../temp
# default
MAKE_HOST := x86_64-pc-linux-gnu
# environment
PATH = /usr/local/sbin:/usr/local/bin:/usr/sbin:/usr/bin:/sbin:/bin:/usr/games:/usr/local/games:/snap/bin
# makefile (from 'Makefile', line 74)
UNAMEOS = $(shell uname)
# environment
GPG_AGENT_INFO = /run/user/1000/gnupg/S.gpg-agent:0:1
# environment
GJS_DEBUG_OUTPUT = stderr
# environment
SESSION_MANAGER = local/pop-os:@/tmp/.ICE-unix/2354,unix/pop-os:/tmp/.ICE-unix/2354
# makefile (from 'Makefile', line 114)
RAYLIB_PATH = $(realpath $(RAYLIB_PREFIX))
# environment
XDG_RUNTIME_DIR = /run/user/1000
# environment
XDG_MENU_PREFIX = gnome-
# environment
VSCODE_LOG_STACK = false
# environment
VSCODE_CRASH_REPORTER_START_OPTIONS = {"companyName":"Microsoft","productName":"VSCode","submitURL":"appcenter://code?aid=fba07a4d-84bd-4fc8-a125-9640fc8ce171&uid=1da83201-7911-475f-a98c-4e0945a8c764&iid=1da83201-7911-475f-a98c-4e0945a8c764&sid=1da83201-7911-475f-a98c-4e0945a8c764","uploadToServer":true}
# environment
INVOCATION_ID = 4af98c6d25cf4c8b8aafb29ddde9dd65
# makefile (from 'Makefile', line 304)
LDFLAGS = -L. -L$(RAYLIB_INSTALL_PATH) -L$(RAYLIB_RELEASE_PATH) -L$(RAYLIB_PATH)
# makefile (from 'Makefile', line 328)
LDLIBS = -lraylib -lGL -lm -lpthread -ldl -lrt -lX11
# default
.FEATURES := target-specific order-only second-expansion else-if shortest-stem undefine oneshell archives jobserver output-sync check-symlink load
# makefile (from 'Makefile', line 61)
USE_EXTERNAL_GLFW = FALSE
# environment
LS_COLORS = 
# environment
XDG_SESSION_DESKTOP = pop
# environment
SSH_AUTH_SOCK = /run/user/1000/keyring/ssh
# environment
GIO_LAUNCHED_DESKTOP_FILE_PID = 43993
# automatic
%F = $(notdir $%)
# environment
DISPLAY = :1
# environment
VSCODE_PIPE_LOGGING = true
# makefile (from 'Makefile', line 76)
PLATFORM_OS = LINUX
# environment
PWD = /home/alex/Dropbox/dev/silver-palm-tree
# default
.LOADED := 
# environment
SSH_AGENT_PID = 2104
# environment
ORIGINAL_XDG_CURRENT_DESKTOP = pop:GNOME
# environment
GTK_MODULES = gail:atk-bridge:appmenu-gtk-module
# environment
VSCODE_AMD_ENTRYPOINT = vs/workbench/services/extensions/node/extensionHostProcess
# environment
HOME = /home/alex
# environment
LESSCLOSE = /usr/bin/lesspipe %s %s
# makefile (from 'Makefile', line 113)
RAYLIB_PREFIX = ..
# environment
LOGNAME = alex
# environment
APPLICATION_INSIGHTS_NO_DIAGNOSTIC_CHANNEL = true
# automatic
+F = $(notdir $+)
# makefile (from 'Makefile', line 388)
MAKEFILE_PARAMS = $(PROJECT_NAME)
# environment
VSCODE_HANDLES_UNCAUGHT_ERRORS = true
# environment
GNOME_DESKTOP_SESSION_ID = this-is-deprecated
# automatic
^D = $(patsubst %/,%,$(dir $^))
# environment
LC_TIME = en_US.UTF-8
# makefile (from 'Makefile', line 184)
MAKE = make
# default
MAKECMDGOALS := all
# environment
QT_IM_MODULE = ibus
# environment
SHLVL = 0
# makefile (from 'Makefile', line 157)
CC = g++
# environment
GNOME_SHELL_SESSION_MODE = pop
 
# makefile (from 'Makefile', line 51)
RAYLIB_H_INSTALL_PATH = $(DESTDIR)/include
# environment
VSCODE_IPC_HOOK_EXTHOST = /run/user/1000/vscode-ipc-855af021-7a97-464c-a34e-95b70e763f06.sock
# default
MAKE_VERSION := 4.2.1
# environment
USER = alex
# environment
LC_MONETARY = en_US.UTF-8
# makefile
.DEFAULT_GOAL := all
# environment
XDG_CURRENT_DESKTOP = Unity
# makefile (from 'Makefile', line 48)
DESTDIR = /usr/local
# automatic
%D = $(patsubst %/,%,$(dir $%))
# environment
LC_TELEPHONE = en_US.UTF-8
# default
MAKE_COMMAND := make
# environment
VSCODE_NODE_CACHED_DATA_DIR = /home/alex/.config/Code/CachedData/507ce72a4466fbb27b715c3722558bb15afa9f48
# default
.VARIABLES := 
# automatic
*F = $(notdir $*)
# environment
LANGUAGE = en_US:en
# environment
VSCODE_IPC_HOOK = /run/user/1000/vscode-d32d3ff9-1.57.1-main.sock
# makefile
MAKEFLAGS = pqrR
# environment
MFLAGS = -pqrR
# automatic
*D = $(patsubst %/,%,$(dir $*))
# environment
BREAKPAD_DUMP_LOCATION = /home/alex/.config/Code/exthost Crash Reports
# automatic
+D = $(patsubst %/,%,$(dir $+))
# environment
GDK_BACKEND = x11
# environment
LC_PAPER = en_US.UTF-8
# makefile (from 'Makefile', line 153)
EXAMPLE_RUNTIME_PATH = $(RAYLIB_RELEASE_PATH)
# environment
QT_ACCESSIBILITY = 1
# makefile (from 'Makefile', line 37)
PLATFORM = PLATFORM_DESKTOP
# 'override' directive
.SHELLSTATUS := 0
# default
MAKEFILES := 
# environment
LC_NUMERIC = en_US.UTF-8
# automatic
<F = $(notdir $<)
# makefile (from 'Makefile', line 139)
RAYLIB_RELEASE_PATH = $(RAYLIB_PATH)/src
# environment
ELECTRON_RUN_AS_NODE = 1
# makefile (from 'Makefile', line 27)
PROJECT_NAME = Little-Turn-Game
# environment
LC_MEASUREMENT = en_US.UTF-8
# makefile (from 'Makefile', line 49)
RAYLIB_INSTALL_PATH = $(DESTDIR)/lib
# environment
LC_ALL = C
# environment
GJS_DEBUG_TOPICS = JS ERROR;JS LOG
# automatic
^F = $(notdir $^)
# default
SUFFIXES := 
# environment
CHROME_DESKTOP = code-url-handler.desktop
# makefile (from 'Makefile', line 54)
RAYLIB_LIBTYPE = STATIC
# environment
WINDOWPATH = 2
# default
.INCLUDE_DIRS = /usr/include /usr/local/include /usr/include
# environment
LC_IDENTIFICATION = en_US.UTF-8
# default
.RECIPEPREFIX := 
# environment
LC_ADDRESS = en_US.UTF-8
# environment
LANG = C
# environment
VSCODE_PID = 43993
# variable set hash-table stats:
# Load=137/1024=13%, Rehash=0, Collisions=32/283=11%

# Pattern-specific Variable Values

# No pattern-specific variable values.

# Directories

# src/scenes (device 2049, inode 13901844): 8 files, no impossibilities.
# . (device 2049, inode 12846742): 14 files, no impossibilities.
# src/input (device 2049, inode 13901815): 4 files, no impossibilities.
# src/graphics (device 2049, inode 13901842): 3 files, no impossibilities.
# src/audio (device 2049, inode 13901824): 4 files, no impossibilities.
# src (device 2049, inode 12846834): 9 files, no impossibilities.

# 42 files, no impossibilities in 6 directories.

# Implicit Rules

%.o: %.c
#  recipe to execute (from 'Makefile', line 403):
	$(CC) -c $< -o $@ $(CFLAGS) $(INCLUDE_PATHS) -D$(PLATFORM)

# 1 implicit rules, 0 (0.0%) terminal.

# Files

# Not a target:
src/scenes/MainMenu.cpp:
#  Implicit rule search has not been done.
#  Modification time never checked.
#  File has not been updated.

all:
#  Phony target (prerequisite of .PHONY).
#  Command line target.
#  Implicit rule search has not been done.
#  Implicit/static pattern stem: ''
#  File does not exist.
#  File has been updated.
#  Needs to be updated (-q is set).
# automatic
# @ := all
# automatic
# % := 
# automatic
# * := 
# automatic
# + := 
# automatic
# | := 
# automatic
 
# < := 
# automatic
# ^ := 
# automatic
# ? := 
# variable set hash-table stats:
# Load=8/32=25%, Rehash=0, Collisions=4/14=29%
#  recipe to execute (from 'Makefile', line 394):
	$(MAKE) $(MAKEFILE_PARAMS)

.PHONY: all clean
#  Implicit rule search has not been done.
#  Modification time never checked.
#  File has not been updated.

# Not a target:
src/scenes/Scene.cpp:
#  Implicit rule search has not been done.
#  Modification time never checked.
#  File has not been updated.

# Not a target:
src/scenes/SceneManager.cpp:
#  Implicit rule search has not been done.
#  Modification time never checked.
#  File has not been updated.

# Not a target:
.SUFFIXES:
#  Implicit rule search has not been done.
#  Modification time never checked.
#  File has not been updated.

# Not a target:
Makefile:
#  Implicit rule search has been done.
#  Last modified 2021-07-03 17:18:01.203242717
#  File has been updated.
#  Successfully updated.

# Not a target:
.DEFAULT:
#  Implicit rule search has not been done.
#  Modification time never checked.
#  File has not been updated.

# Not a target:
src/audio/SoundManager.cpp:
#  Implicit rule search has not been done.
#  Modification time never checked.
#  File has not been updated.

run:
#  Implicit rule search has not been done.
#  Modification time never checked.
#  File has not been updated.
#  recipe to execute (from 'Makefile', line 434):
	make
	./$(TARGET)

clean:
#  Phony target (prerequisite of .PHONY).
#  Implicit rule search has not been done.
#  File does not exist.
#  File has not been updated.
#  recipe to execute (from 'Makefile', line 412):
		find . -type f -executable -delete
		rm -fv *.o
	@echo Cleaning done

# Not a target:
src/main.cpp:
#  Implicit rule search has not been done.
#  Modification time never checked.
#  File has not been updated.

# Not a target:
src/Application.cpp:
#  Implicit rule search has not been done.
#  Modification time never checked.
#  File has not been updated.

Little-Turn-Game: src/main.cpp src/Application.cpp src/audio/SoundManager.cpp src/input/InputManager.cpp src/scenes/Scene.cpp src/scenes/SceneManager.cpp src/scenes/MainMenu.cpp
#  Implicit rule search has not been done.
#  Modification time never checked.
#  File has not been updated.
#  recipe to execute (from 'Makefile', line 398):
	$(CC) -o $(PROJECT_NAME)$(EXT) $(OBJS) $(CFLAGS) $(INCLUDE_PATHS) $(LDFLAGS) $(LDLIBS) -D$(PLATFORM)
 

# Not a target:
src/input/InputManager.cpp:
#  Implicit rule search has not been done.
#  Modification time never checked.
#  File has not been updated.

# files hash-table stats:
# Load=15/1024=1%, Rehash=0, Collisions=0/38=0%
# VPATH Search Paths

# No 'vpath' search paths.

# No general ('VPATH' variable) search path.

# strcache buffers: 1 (0) / strings = 54 / storage = 652 B / avg = 12 B
# current buf: size = 8162 B / used = 652 B / count = 54 / avg = 12 B

# strcache performance: lookups = 78 / hit rate = 30%
# hash-table stats:
# Load=54/8192=1%, Rehash=0, Collisions=6/78=8%
# Finished Make data base on Sat Jul  3 17:18:29 2021

 
